Added Pin To Net: NetName=NO Pin=K1-3
Added Pin To Net: NetName=GND Pin=K1-4
Added Pin To Net: NetName=NO Pin=K2-3
Added Pin To Net: NetName=GND Pin=K2-4
Added Pin To Net: NetName=GND Pin=K3-4
Added Pin To Net: NetName=GND Pin=K4-4
Change Net Name : Old Net Name=GND New Net Name=NC
Added Pin To Net: NetName=COM1 Pin=K1-1
Added Pin To Net: NetName=COM1 Pin=Motor 1-2
Added Net: Name=COM1
Added Pin To Net: NetName=COM2 Pin=K2-1
Added Pin To Net: NetName=COM2 Pin=Motor 1-1
Added Net: Name=COM2
Added Pin To Net: NetName=COM3 Pin=K3-1
Added Pin To Net: NetName=COM3 Pin=Motor 2-2
Added Net: Name=COM3
Added Pin To Net: NetName=COM4 Pin=K4-1
Added Pin To Net: NetName=COM4 Pin=Motor 2-1
Added Net: Name=COM4
Added Pin To Net: NetName=NO2 Pin=K3-3
Added Pin To Net: NetName=NO2 Pin=K4-3
Added Pin To Net: NetName=NO2 Pin=Q6-3
Added Net: Name=NO2
