Removed Pin From Net: NetName=NetM1_30 Pin=P4-1
Removed Pin From Net: NetName=NetM1_29 Pin=P4-2
Removed Pin From Net: NetName=NetM1_28 Pin=P4-3
Removed Pin From Net: NetName=NetM1_27 Pin=P4-4
Removed Pin From Net: NetName=NetM1_22 Pin=P4-5
Removed Pin From Net: NetName=NetM1_21 Pin=P4-6
Removed Pin From Net: NetName=NetM1_20 Pin=P4-7
Removed Pin From Net: NetName=NetM1_19 Pin=P4-8
Change Component Footprint: Designator=P4 Old Footprint=HDR1X8 New Footprint=HDR1X4
Change Component Comment : Designator=P4 Old Comment=Header 8 New Comment=Header 4
Added Component: Designator=P9(HDR1X4)
Add component (AddParameter): Name = "LatestRevisionDate"; Value = "17-Jul-2002"; VariantName = "[No Variations]"
Add component (AddParameter): Name = "LatestRevisionNote"; Value = "Re-released for DXP Platform."; VariantName = "[No Variations]"
Add component (AddParameter): Name = "Publisher"; Value = "Altium Limited"; VariantName = "[No Variations]"
Added Pin To Net: NetName=NetM1_22 Pin=P4-1
Added Pin To Net: NetName=NetM1_21 Pin=P4-2
Added Pin To Net: NetName=NetM1_20 Pin=P4-3
Added Pin To Net: NetName=NetM1_19 Pin=P4-4
Added Pin To Net: NetName=NetM1_30 Pin=P9-1
Added Pin To Net: NetName=NetM1_29 Pin=P9-2
Added Pin To Net: NetName=NetM1_28 Pin=P9-3
Added Pin To Net: NetName=NetM1_27 Pin=P9-4
Added Member To Class: ClassName=Sheet1 Member=Component P9 Header 4
Added Room: Name=Sheet1
